[0515/163439.644:ERROR:process_reader_win.cc(123)] NtOpenThread: {Access Denied} A process has requested access to an object, but has not been granted those access rights. (0xc0000022)
[0515/163439.650:ERROR:process_reader_win.cc(123)] NtOpenThread: {Access Denied} A process has requested access to an object, but has not been granted those access rights. (0xc0000022)
[0515/163439.652:ERROR:exception_snapshot_win.cc(98)] thread ID 24852 not found in process
[0515/163439.652:ERROR:exception_snapshot_win.cc(98)] thread ID 33172 not found in process
[0515/163439.652:ERROR:process_reader_win.cc(123)] NtOpenThread: {Access Denied} A process has requested access to an object, but has not been granted those access rights. (0xc0000022)
[0515/163439.652:ERROR:process_reader_win.cc(123)] NtOpenThread: {Access Denied} A process has requested access to an object, but has not been granted those access rights. (0xc0000022)
[0515/163439.656:ERROR:process_reader_win.cc(123)] NtOpenThread: {Access Denied} A process has requested access to an object, but has not been granted those access rights. (0xc0000022)
[0515/163439.730:ERROR:exception_snapshot_win.cc(98)] thread ID 30976 not found in process
[0515/163439.657:ERROR:process_reader_win.cc(123)] NtOpenThread: {Access Denied} A process has requested access to an object, but has not been granted those access rights. (0xc0000022)
[0515/163439.658:ERROR:process_reader_win.cc(123)] NtOpenThread: {Access Denied} A process has requested access to an object, but has not been granted those access rights. (0xc0000022)
[0515/163439.660:ERROR:process_reader_win.cc(151)] SuspendThread: Access is denied. (0x5)
[0515/163439.663:ERROR:process_reader_win.cc(123)] NtOpenThread: {Access Denied} A process has requested access to an object, but has not been granted those access rights. (0xc0000022)
[0515/163439.673:ERROR:process_reader_win.cc(123)] NtOpenThread: {Access Denied} A process has requested access to an object, but has not been granted those access rights. (0xc0000022)
[0515/163439.681:ERROR:process_reader_win.cc(123)] NtOpenThread: {Access Denied} A process has requested access to an object, but has not been granted those access rights. (0xc0000022)
[0515/163439.684:ERROR:process_reader_win.cc(123)] NtOpenThread: {Access Denied} A process has requested access to an object, but has not been granted those access rights. (0xc0000022)
[0515/163439.684:ERROR:process_reader_win.cc(151)] SuspendThread: Access is denied. (0x5)
[0515/163439.688:ERROR:process_reader_win.cc(123)] NtOpenThread: {Access Denied} A process has requested access to an object, but has not been granted those access rights. (0xc0000022)
[0515/163439.730:ERROR:exception_snapshot_win.cc(98)] thread ID 244 not found in process
[0515/163439.689:ERROR:process_reader_win.cc(123)] NtOpenThread: {Access Denied} A process has requested access to an object, but has not been granted those access rights. (0xc0000022)
[0515/163439.730:ERROR:exception_snapshot_win.cc(98)] thread ID 26672 not found in process
[0515/163439.689:ERROR:process_reader_win.cc(151)] SuspendThread: Access is denied. (0x5)
[0515/163439.730:ERROR:exception_snapshot_win.cc(98)] thread ID 9380 not found in process
[0515/163439.730:ERROR:process_reader_win.cc(123)] NtOpenThread: An invalid Client ID was specified. (0xc000000b)
[0515/163439.656:ERROR:process_reader_win.cc(123)] NtOpenThread: {Access Denied} A process has requested access to an object, but has not been granted those access rights. (0xc0000022)
[0515/163439.730:ERROR:exception_snapshot_win.cc(98)] thread ID 27256 not found in process
[0515/163439.730:ERROR:process_reader_win.cc(123)] NtOpenThread: An invalid Client ID was specified. (0xc000000b)
[0515/163439.730:ERROR:exception_snapshot_win.cc(98)] thread ID 22840 not found in process
[0515/163439.730:ERROR:process_reader_win.cc(123)] NtOpenThread: An invalid Client ID was specified. (0xc000000b)
[0515/163439.730:ERROR:exception_snapshot_win.cc(98)] thread ID 7460 not found in process
[0515/163439.730:ERROR:process_reader_win.cc(151)] SuspendThread: Access is denied. (0x5)
[0515/163439.731:ERROR:exception_snapshot_win.cc(98)] thread ID 20224 not found in process
[0515/163439.731:ERROR:exception_snapshot_win.cc(98)] thread ID 22576 not found in process
[0515/163439.731:ERROR:scoped_process_suspend.cc(40)] NtResumeProcess: An attempt was made to access an exiting process. (0xc000010a)
[0515/163439.731:ERROR:exception_snapshot_win.cc(98)] thread ID 14696 not found in process
[0515/163439.731:ERROR:exception_snapshot_win.cc(98)] thread ID 33892 not found in process
[0515/163439.731:ERROR:exception_snapshot_win.cc(98)] thread ID 12228 not found in process
[0515/163439.732:ERROR:exception_snapshot_win.cc(98)] thread ID 1056 not found in process
[0515/163439.732:ERROR:exception_snapshot_win.cc(98)] thread ID 27324 not found in process
[0515/163439.732:ERROR:exception_snapshot_win.cc(98)] thread ID 23620 not found in process
[0515/163439.732:ERROR:scoped_process_suspend.cc(40)] NtResumeProcess: An attempt was made to access an exiting process. (0xc000010a)
[0515/163439.732:ERROR:scoped_process_suspend.cc(40)] NtResumeProcess: An attempt was made to access an exiting process. (0xc000010a)
[0515/163439.732:ERROR:scoped_process_suspend.cc(40)] NtResumeProcess: An attempt was made to access an exiting process. (0xc000010a)
[0515/163439.732:ERROR:scoped_process_suspend.cc(40)] NtResumeProcess: An attempt was made to access an exiting process. (0xc000010a)
[0515/163439.732:ERROR:scoped_process_suspend.cc(40)] NtResumeProcess: An attempt was made to access an exiting process. (0xc000010a)
[0515/163439.732:ERROR:scoped_process_suspend.cc(40)] NtResumeProcess: An attempt was made to access an exiting process. (0xc000010a)
[0515/163439.733:ERROR:scoped_process_suspend.cc(40)] NtResumeProcess: An attempt was made to access an exiting process. (0xc000010a)
[0515/163439.733:ERROR:scoped_process_suspend.cc(40)] NtResumeProcess: An attempt was made to access an exiting process. (0xc000010a)
[0515/163439.733:ERROR:scoped_process_suspend.cc(40)] NtResumeProcess: An attempt was made to access an exiting process. (0xc000010a)
